<?xml version="1.0" encoding="UTF-8" ?>
<testsuite errors="0" failures="0" hostname="dhcp-213-158.vpn.tu-berlin.de" name="de.tuberlin.sese.swtpp.gameserver.test.lasca.LascaGameTest" skipped="0" tests="12" time="0.221" timestamp="2017-01-29T23:27:03">
  <properties>
    <property name="java.vendor" value="Oracle Corporation" />
    <property name="sun.java.launcher" value="SUN_STANDARD" />
    <property name="env.XPC_SERVICE_NAME" value="0" />
    <property name="sun.management.compiler" value="HotSpot 64-Bit Tiered Compilers" />
    <property name="env.COLORFGBG" value="12;8" />
    <property name="os.name" value="Mac OS X" />
    <property name="sun.boot.class.path" value="/Library/Java/JavaVirtualMachines/jdk1.8.0_65.jdk/Contents/Home/jre/lib/resources.jar:/Library/Java/JavaVirtualMachines/jdk1.8.0_65.jdk/Contents/Home/jre/lib/rt.jar:/Library/Java/JavaVirtualMachines/jdk1.8.0_65.jdk/Contents/Home/jre/lib/sunrsasign.jar:/Library/Java/JavaVirtualMachines/jdk1.8.0_65.jdk/Contents/Home/jre/lib/jsse.jar:/Library/Java/JavaVirtualMachines/jdk1.8.0_65.jdk/Contents/Home/jre/lib/jce.jar:/Library/Java/JavaVirtualMachines/jdk1.8.0_65.jdk/Contents/Home/jre/lib/charsets.jar:/Library/Java/JavaVirtualMachines/jdk1.8.0_65.jdk/Contents/Home/jre/lib/jfr.jar:/Library/Java/JavaVirtualMachines/jdk1.8.0_65.jdk/Contents/Home/jre/classes" />
    <property name="env.TMPDIR" value="/var/folders/v2/ryjzww7j3sd592hdg2l33zf40000gn/T/" />
    <property name="env.PWD" value="/Users/daniel/Documents/Studium/Medieninformatik/5. Semester/Softwaretechnik/ha2/GameServerVorgabe" />
    <property name="env.LANG" value="de_DE.UTF-8" />
    <property name="env.LESS" value="-R" />
    <property name="java.vm.specification.vendor" value="Oracle Corporation" />
    <property name="ant.home" value="/usr/local/Cellar/ant/1.10.0/libexec" />
    <property name="java.runtime.version" value="1.8.0_65-b17" />
    <property name="env.Apple_PubSub_Socket_Render" value="/private/tmp/com.apple.launchd.5l23oP6nr8/Render" />
    <property name="env.DISPLAY" value="/private/tmp/com.apple.launchd.qsbyfG7XTT/org.macosforge.xquartz:0" />
    <property name="env.JAVA_MAIN_CLASS_92663" value="org.apache.tools.ant.launch.Launcher" />
    <property name="user.name" value="daniel" />
    <property name="env.USER" value="daniel" />
    <property name="env.SHELL" value="/bin/zsh" />
    <property name="env.GHC_DOT_APP" value="/Applications/ghc-7.10.3.app" />
    <property name="env.__CF_USER_TEXT_ENCODING" value="0x1F5:0x0:0x3" />
    <property name="env.PATH" value="/Users/daniel/.swiftenv/shims:/usr/local/bin:/Users/daniel/Library/Developer/Toolchains/swift-DEVELOPMENT-SNAPSHOT-2016-05-03-a.xctoolchain/usr/bin:/opt/local/bin:/opt/local/sbin:/opt/local/bin:/opt/local/sbin:/opt/local/bin:/opt/local/sbin:/Library/Frameworks/Python.framework/Versions/2.7/bin:/usr/local/bin:/usr/bin:/bin:/usr/sbin:/sbin:/opt/X11/bin" />
    <property name="user.language" value="de" />
    <property name="sun.boot.library.path" value="/Library/Java/JavaVirtualMachines/jdk1.8.0_65.jdk/Contents/Home/jre/lib" />
    <property name="ant.project.default-target" value="build" />
    <property name="env.XPC_FLAGS" value="0x0" />
    <property name="ant.project.name" value="GameServerVorgabe" />
    <property name="env.LC_CTYPE" value="de_DE.UTF-8" />
    <property name="java.version" value="1.8.0_65" />
    <property name="user.timezone" value="" />
    <property name="sun.arch.data.model" value="64" />
    <property name="java.endorsed.dirs" value="/Library/Java/JavaVirtualMachines/jdk1.8.0_65.jdk/Contents/Home/jre/lib/endorsed" />
    <property name="sun.cpu.isalist" value="" />
    <property name="sun.jnu.encoding" value="UTF-8" />
    <property name="env.ITERM_SESSION_ID" value="w0t0p0:675813A7-A1DE-4426-8378-915006B839A8" />
    <property name="file.encoding.pkg" value="sun.io" />
    <property name="env.SHLVL" value="2" />
    <property name="ECLIPSE_HOME" value="/Applications/Eclipse.app/Contents/Eclipse/" />
    <property name="file.separator" value="/" />
    <property name="java.specification.name" value="Java Platform API Specification" />
    <property name="java.class.version" value="52.0" />
    <property name="user.country" value="DE" />
    <property name="java.home" value="/Library/Java/JavaVirtualMachines/jdk1.8.0_65.jdk/Contents/Home/jre" />
    <property name="env.ZSH" value="/Users/daniel/.oh-my-zsh" />
    <property name="java.vm.info" value="mixed mode" />
    <property name="env.LOGNAME" value="daniel" />
    <property name="ant.file" value="/Users/daniel/Documents/Studium/Medieninformatik/5. Semester/Softwaretechnik/ha2/GameServerVorgabe/build.xml" />
    <property name="os.version" value="10.12.2" />
    <property name="env.TERM_PROGRAM_VERSION" value="3.0.13" />
    <property name="path.separator" value=":" />
    <property name="java.vm.version" value="25.65-b01" />
    <property name="ant.library.dir" value="/usr/local/Cellar/ant/1.10.0/libexec/lib" />
    <property name="junit.output.dir" value="junit" />
    <property name="java.awt.printerjob" value="sun.lwawt.macosx.CPrinterJob" />
    <property name="env.TERM" value="xterm-256color" />
    <property name="sun.io.unicode.encoding" value="UnicodeBig" />
    <property name="awt.toolkit" value="sun.lwawt.macosx.LWCToolkit" />
    <property name="env.LSCOLORS" value="Gxfxcxdxbxegedabagacad" />
    <property name="user.home" value="/Users/daniel" />
    <property name="target" value="1.8" />
    <property name="java.specification.vendor" value="Oracle Corporation" />
    <property name="env.TERM_PROGRAM" value="iTerm.app" />
    <property name="env.PAGER" value="less" />
    <property name="java.library.path" value="/Users/daniel/Library/Java/Extensions:/Library/Java/Extensions:/Network/Library/Java/Extensions:/System/Library/Java/Extensions:/usr/lib/java:." />
    <property name="java.vendor.url" value="http://java.oracle.com/" />
    <property name="java.vm.vendor" value="Oracle Corporation" />
    <property name="gopherProxySet" value="false" />
    <property name="java.runtime.name" value="Java(TM) SE Runtime Environment" />
    <property name="ant.version" value="Apache Ant(TM) version 1.10.0 compiled on December 27 2016" />
    <property name="sun.java.command" value="org.apache.tools.ant.taskdefs.optional.junit.JUnitTestRunner de.tuberlin.sese.swtpp.gameserver.test.lasca.LascaGameTest skipNonTests=false filtertrace=true haltOnError=false haltOnFailure=false formatter=org.apache.tools.ant.taskdefs.optional.junit.OutErrSummaryJUnitResultFormatter showoutput=false outputtoformatters=true logfailedtests=true threadid=0 logtestlistenerevents=false formatter=org.apache.tools.ant.taskdefs.optional.junit.XMLJUnitResultFormatter,/Users/daniel/Documents/Studium/Medieninformatik/5. Semester/Softwaretechnik/ha2/GameServerVorgabe/junit/TEST-de.tuberlin.sese.swtpp.gameserver.test.lasca.LascaGameTest.xml crashfile=/Users/daniel/Documents/Studium/Medieninformatik/5. Semester/Softwaretechnik/ha2/GameServerVorgabe/junitvmwatcher2199161899484067497.properties propsfile=/Users/daniel/Documents/Studium/Medieninformatik/5. Semester/Softwaretechnik/ha2/GameServerVorgabe/junit7278018279472426716.properties" />
    <property name="java.class.path" value="/Users/daniel/Documents/Studium/Medieninformatik/5. Semester/Softwaretechnik/ha2/GameServerVorgabe/build/classes:/Users/daniel/Documents/Studium/Medieninformatik/5. Semester/Softwaretechnik/ha2/GameServerVorgabe/lib/javax.json-1.0.jar:/Applications/apache-tomcat-8.5.11/lib/annotations-api.jar:/Applications/apache-tomcat-8.5.11/lib/catalina-ant.jar:/Applications/apache-tomcat-8.5.11/lib/catalina-ha.jar:/Applications/apache-tomcat-8.5.11/lib/catalina-storeconfig.jar:/Applications/apache-tomcat-8.5.11/lib/catalina-tribes.jar:/Applications/apache-tomcat-8.5.11/lib/catalina.jar:/Applications/apache-tomcat-8.5.11/lib/ecj-4.5.1.jar:/Applications/apache-tomcat-8.5.11/lib/el-api.jar:/Applications/apache-tomcat-8.5.11/lib/jasper-el.jar:/Applications/apache-tomcat-8.5.11/lib/jasper.jar:/Applications/apache-tomcat-8.5.11/lib/jaspic-api.jar:/Applications/apache-tomcat-8.5.11/lib/jsp-api.jar:/Applications/apache-tomcat-8.5.11/lib/servlet-api.jar:/Applications/apache-tomcat-8.5.11/lib/tomcat-api.jar:/Applications/apache-tomcat-8.5.11/lib/tomcat-coyote.jar:/Applications/apache-tomcat-8.5.11/lib/tomcat-dbcp.jar:/Applications/apache-tomcat-8.5.11/lib/tomcat-i18n-es.jar:/Applications/apache-tomcat-8.5.11/lib/tomcat-i18n-fr.jar:/Applications/apache-tomcat-8.5.11/lib/tomcat-i18n-ja.jar:/Applications/apache-tomcat-8.5.11/lib/tomcat-jdbc.jar:/Applications/apache-tomcat-8.5.11/lib/tomcat-jni.jar:/Applications/apache-tomcat-8.5.11/lib/tomcat-util-scan.jar:/Applications/apache-tomcat-8.5.11/lib/tomcat-util.jar:/Applications/apache-tomcat-8.5.11/lib/tomcat-websocket.jar:/Applications/apache-tomcat-8.5.11/lib/websocket-api.jar:/Applications/Eclipse.app/Contents/Eclipse/plugins/org.junit_4.12.0.v201504281640/junit.jar:/Applications/Eclipse.app/Contents/Eclipse/plugins/org.hamcrest.core_1.3.0.v201303031735.jar:/usr/local/Cellar/ant/1.10.0/libexec/lib/ant-launcher.jar:/usr/local/Cellar/ant/1.10.0/libexec/lib/ant.jar:/usr/local/Cellar/ant/1.10.0/libexec/lib/ant-junit.jar:/usr/local/Cellar/ant/1.10.0/libexec/lib/ant-junit4.jar" />
    <property name="env.TERM_SESSION_ID" value="w0t0p0:675813A7-A1DE-4426-8378-915006B839A8" />
    <property name="java.vm.specification.name" value="Java Virtual Machine Specification" />
    <property name="ant.file.type" value="file" />
    <property name="java.vm.specification.version" value="1.8" />
    <property name="sun.cpu.endian" value="little" />
    <property name="sun.os.patch.level" value="unknown" />
    <property name="env.HOME" value="/Users/daniel" />
    <property name="debuglevel" value="source,lines,vars" />
    <property name="java.io.tmpdir" value="/var/folders/v2/ryjzww7j3sd592hdg2l33zf40000gn/T/" />
    <property name="java.vendor.url.bug" value="http://bugreport.sun.com/bugreport/" />
    <property name="env.SSH_AUTH_SOCK" value="/private/tmp/com.apple.launchd.ncRltBJIHr/Listeners" />
    <property name="env.COMMAND_MODE" value="unix2003" />
    <property name="java.awt.graphicsenv" value="sun.awt.CGraphicsEnvironment" />
    <property name="os.arch" value="x86_64" />
    <property name="java.ext.dirs" value="/Users/daniel/Library/Java/Extensions:/Library/Java/JavaVirtualMachines/jdk1.8.0_65.jdk/Contents/Home/jre/lib/ext:/Library/Java/Extensions:/Network/Library/Java/Extensions:/System/Library/Java/Extensions:/usr/lib/java" />
    <property name="user.dir" value="/Users/daniel/Documents/Studium/Medieninformatik/5. Semester/Softwaretechnik/ha2/GameServerVorgabe" />
    <property name="line.separator" value="&#xa;" />
    <property name="java.vm.name" value="Java HotSpot(TM) 64-Bit Server VM" />
    <property name="env.DEFAULT_USER" value="my_username" />
    <property name="basedir" value="/Users/daniel/Documents/Studium/Medieninformatik/5. Semester/Softwaretechnik/ha2/GameServerVorgabe" />
    <property name="env.ITERM_PROFILE" value="New Profile" />
    <property name="ant.java.version" value="1.8" />
    <property name="ant.core.lib" value="/usr/local/Cellar/ant/1.10.0/libexec/lib/ant.jar" />
    <property name="source" value="1.8" />
    <property name="file.encoding" value="UTF-8" />
    <property name="java.specification.version" value="1.8" />
    <property name="ant.project.invoked-targets" value="de.tuberlin.sese.swtpp.gameserver.test.lasca" />
    <property name="ant.file.type.GameServerVorgabe" value="file" />
    <property name="ant.file.GameServerVorgabe" value="/Users/daniel/Documents/Studium/Medieninformatik/5. Semester/Softwaretechnik/ha2/GameServerVorgabe/build.xml" />
  </properties>
  <testcase classname="de.tuberlin.sese.swtpp.gameserver.test.lasca.LascaGameTest" name="testGetMaxPlayers" time="0.013" />
  <testcase classname="de.tuberlin.sese.swtpp.gameserver.test.lasca.LascaGameTest" name="testGiveUpBlack" time="0.002" />
  <testcase classname="de.tuberlin.sese.swtpp.gameserver.test.lasca.LascaGameTest" name="testError" time="0.002" />
  <testcase classname="de.tuberlin.sese.swtpp.gameserver.test.lasca.LascaGameTest" name="testWaitingGame" time="0.003" />
  <testcase classname="de.tuberlin.sese.swtpp.gameserver.test.lasca.LascaGameTest" name="testCallDrawBlack" time="0.109" />
  <testcase classname="de.tuberlin.sese.swtpp.gameserver.test.lasca.LascaGameTest" name="testGetMinPlayers" time="0.002" />
  <testcase classname="de.tuberlin.sese.swtpp.gameserver.test.lasca.LascaGameTest" name="testCallDraw" time="0.002" />
  <testcase classname="de.tuberlin.sese.swtpp.gameserver.test.lasca.LascaGameTest" name="testFinishBlack" time="0.002" />
  <testcase classname="de.tuberlin.sese.swtpp.gameserver.test.lasca.LascaGameTest" name="testSetNextPlayer" time="0.001" />
  <testcase classname="de.tuberlin.sese.swtpp.gameserver.test.lasca.LascaGameTest" name="testFinish" time="0.003" />
  <testcase classname="de.tuberlin.sese.swtpp.gameserver.test.lasca.LascaGameTest" name="testGiveUp" time="0.001" />
  <testcase classname="de.tuberlin.sese.swtpp.gameserver.test.lasca.LascaGameTest" name="testGameStarted" time="0.001" />
  <system-out><![CDATA[Current board: 




[b][-][b][-][b][-][b]

[-][b][-][b][-][b][-]

[b][-][b][-][b][-][b]

[-][][-][][-][][-]

[w][-][w][-][w][-][w]

[-][w][-][w][-][w][-]

[w][-][w][-][w][-][w]


 ------------------------------- 


Current board: 




[b][-][b][-][b][-][b]

[-][b][-][b][-][b][-]

[b][-][b][-][b][-][b]

[-][][-][][-][][-]

[w][-][w][-][w][-][w]

[-][w][-][w][-][w][-]

[w][-][w][-][w][-][w]


 ------------------------------- 


Current board: 




[b][-][b][-][b][-][b]

[-][b][-][b][-][b][-]

[b][-][b][-][b][-][b]

[-][][-][][-][][-]

[w][-][w][-][w][-][w]

[-][w][-][w][-][w][-]

[w][-][w][-][w][-][w]


 ------------------------------- 


Current board: 




[b][-][b][-][b][-][b]

[-][b][-][b][-][b][-]

[b][-][b][-][b][-][b]

[-][][-][][-][][-]

[w][-][w][-][w][-][w]

[-][w][-][w][-][w][-]

[w][-][w][-][w][-][w]


 ------------------------------- 


Current board: 




[b][-][b][-][b][-][b]

[-][b][-][b][-][b][-]

[b][-][b][-][b][-][b]

[-][][-][][-][][-]

[w][-][w][-][w][-][w]

[-][w][-][w][-][w][-]

[w][-][w][-][w][-][w]


 ------------------------------- 


Current board: 




[b][-][b][-][b][-][b]

[-][b][-][b][-][b][-]

[b][-][b][-][b][-][b]

[-][][-][][-][][-]

[w][-][w][-][w][-][w]

[-][w][-][w][-][w][-]

[w][-][w][-][w][-][w]


 ------------------------------- 


Current board: 




[b][-][b][-][b][-][b]

[-][b][-][b][-][b][-]

[b][-][b][-][b][-][b]

[-][][-][][-][][-]

[w][-][w][-][w][-][w]

[-][w][-][w][-][w][-]

[w][-][w][-][w][-][w]


 ------------------------------- 


Current board: 




[b][-][b][-][b][-][b]

[-][b][-][b][-][b][-]

[b][-][b][-][b][-][b]

[-][][-][][-][][-]

[w][-][w][-][w][-][w]

[-][w][-][w][-][w][-]

[w][-][w][-][w][-][w]


 ------------------------------- 


Current board: 




[b][-][b][-][b][-][b]

[-][b][-][b][-][b][-]

[b][-][b][-][b][-][b]

[-][][-][][-][][-]

[w][-][w][-][w][-][w]

[-][w][-][w][-][w][-]

[w][-][w][-][w][-][w]


 ------------------------------- 


Current board: 




[b][-][b][-][b][-][b]

[-][b][-][b][-][b][-]

[b][-][b][-][b][-][b]

[-][][-][][-][][-]

[w][-][w][-][w][-][w]

[-][w][-][w][-][w][-]

[w][-][w][-][w][-][w]


 ------------------------------- 


Current board: 




[b][-][b][-][b][-][b]

[-][b][-][b][-][b][-]

[b][-][b][-][b][-][b]

[-][][-][][-][][-]

[w][-][w][-][w][-][w]

[-][w][-][w][-][w][-]

[w][-][w][-][w][-][w]


 ------------------------------- 


Current board: 




[b][-][b][-][b][-][b]

[-][b][-][b][-][b][-]

[b][-][b][-][b][-][b]

[-][][-][][-][][-]

[w][-][w][-][w][-][w]

[-][w][-][w][-][w][-]

[w][-][w][-][w][-][w]


 ------------------------------- 


]]></system-out>
  <system-err><![CDATA[]]></system-err>
</testsuite>
